#
# There is insufficient memory for the Java Runtime Environment to continue.
# Native memory allocation (malloc) failed to allocate 1048576 bytes for AllocateHeap
# Possible reasons:
#   The system is out of physical RAM or swap space
#   The process is running with CompressedOops enabled, and the Java Heap may be blocking the growth of the native heap
# Possible solutions:
#   Reduce memory load on the system
#   Increase physical memory or swap space
#   Check if swap backing store is full
#   Decrease Java heap size (-Xmx/-Xms)
#   Decrease number of Java threads
#   Decrease Java thread stack sizes (-Xss)
#   Set larger code cache with -XX:ReservedCodeCacheSize=
#   JVM is running with Unscaled Compressed Oops mode in which the Java heap is
#     placed in the first 4GB address space. The Java Heap base address is the
#     maximum limit for the native heap growth. Please use -XX:HeapBaseMinAddress
#     to set the Java Heap base and to place the Java Heap above 4GB virtual address.
# This output file may be truncated or incomplete.
#
#  Out of Memory Error (allocation.cpp:44), pid=14360, tid=3144
#
# JRE version:  (17.0.10) (build )
# Java VM: OpenJDK 64-Bit Server VM (17.0.10+0--11609105, mixed mode, sharing, tiered, compressed oops, compressed class ptrs, g1 gc, windows-amd64)
# No core dump will be written. Minidumps are not enabled by default on client versions of Windows
#

---------------  S U M M A R Y ------------

Command Line: org.jetbrains.kotlin.cli.jvm.K2JVMCompiler @D:\AndroidStudioProjects\ApplicationScanning\app\build\20240620_13779521011617375509.compiler.options

Host: 11th Gen Intel(R) Core(TM) i7-1165G7 @ 2.80GHz, 8 cores, 7G,  Windows 11 , 64 bit Build 22621 (10.0.22621.3672)
Time: Thu Jun 20 20:20:01 2024 SE Asia Standard Time elapsed time: 0.025117 seconds (0d 0h 0m 0s)

---------------  T H R E A D  ---------------

Current thread (0x0000016dcf8fac20):  JavaThread "Unknown thread" [_thread_in_vm, id=3144, stack(0x0000002e4b900000,0x0000002e4ba00000)]

Stack: [0x0000002e4b900000,0x0000002e4ba00000]
Native frames: (J=compiled Java code, j=interpreted, Vv=VM code, C=native code)
V  [jvm.dll+0x688de9]
V  [jvm.dll+0x8423da]
V  [jvm.dll+0x84401e]
V  [jvm.dll+0x844683]
V  [jvm.dll+0x24be0f]
V  [jvm.dll+0xa6ca3]
V  [jvm.dll+0x2de534]
V  [jvm.dll+0x812f3c]
V  [jvm.dll+0x371c81]
V  [jvm.dll+0x7f1ac6]
V  [jvm.dll+0x3f58df]
V  [jvm.dll+0x3f7511]
C  [jli.dll+0x528f]
C  [ucrtbase.dll+0x29333]
C  [KERNEL32.DLL+0x1257d]
C  [ntdll.dll+0x5af28]


---------------  P R O C E S S  ---------------

Threads class SMR info:
_java_thread_list=0x00007ff99c60ef58, length=0, elements={
}

Java Threads: ( => current thread )

Other Threads:

=>0x0000016dcf8fac20 (exited) JavaThread "Unknown thread" [_thread_in_vm, id=3144, stack(0x0000002e4b900000,0x0000002e4ba00000)]

Threads with active compile tasks:

VM state: not at safepoint (not fully initialized)

VM Mutex/Monitor currently owned by a thread: None

Heap address: 0x0000000000000000, size: 0 MB, Compressed Oops mode: 32-bit

CDS archive(s) mapped at: [0x0000000000000000-0x0000000000000000-0x0000000000000000), size 0, SharedBaseAddress: 0x0000000800000000, ArchiveRelocationMode: 1.
Narrow klass base: 0x0000000000000000, Narrow klass shift: 0, Narrow klass range: 0x0

GC Precious Log:
<Empty>

GC Heap History (0 events):
No events

Dll operation events (1 events):
Event: 0.017 Loaded shared library D:\AndroidStudio\jbr\bin\java.dll

Deoptimization events (0 events):
No events

Classes unloaded (0 events):
No events

Classes redefined (0 events):
No events

Internal exceptions (0 events):
No events

VM Operations (0 events):
No events

Events (0 events):
No events


Dynamic libraries:
0x00007ff60ad50000 - 0x00007ff60ad5a000 	D:\AndroidStudio\jbr\bin\java.exe
0x00007ffa4bad0000 - 0x00007ffa4bce7000 	C:\WINDOWS\SYSTEM32\ntdll.dll
0x00007ffa4a2a0000 - 0x00007ffa4a364000 	C:\WINDOWS\System32\KERNEL32.DLL
0x00007ffa49290000 - 0x00007ffa4963c000 	C:\WINDOWS\System32\KERNELBASE.dll
0x00007ffa48f90000 - 0x00007ffa490a1000 	C:\WINDOWS\System32\ucrtbase.dll
0x00007ffa1ee10000 - 0x00007ffa1ee2b000 	D:\AndroidStudio\jbr\bin\VCRUNTIME140.dll
0x00007ffa33080000 - 0x00007ffa33097000 	D:\AndroidStudio\jbr\bin\jli.dll
0x00007ffa4a0f0000 - 0x00007ffa4a29e000 	C:\WINDOWS\System32\USER32.dll
0x00007ffa3c950000 - 0x00007ffa3cbe3000 	C:\WINDOWS\WinSxS\amd64_microsoft.windows.common-controls_6595b64144ccf1df_6.0.22621.3672_none_2713b9d173822955\COMCTL32.dll
0x00007ffa49830000 - 0x00007ffa498d7000 	C:\WINDOWS\System32\msvcrt.dll
0x00007ffa49fe0000 - 0x00007ffa4a009000 	C:\WINDOWS\System32\GDI32.dll
0x00007ffa49640000 - 0x00007ffa49666000 	C:\WINDOWS\System32\win32u.dll
0x00007ffa48e70000 - 0x00007ffa48f89000 	C:\WINDOWS\System32\gdi32full.dll
0x00007ffa490b0000 - 0x00007ffa4914a000 	C:\WINDOWS\System32\msvcp_win.dll
0x00007ffa4b5c0000 - 0x00007ffa4b5f1000 	C:\WINDOWS\System32\IMM32.DLL
0x00007ffa301a0000 - 0x00007ffa301ac000 	D:\AndroidStudio\jbr\bin\vcruntime140_1.dll
0x00007ffa05ba0000 - 0x00007ffa05c2d000 	D:\AndroidStudio\jbr\bin\msvcp140.dll
0x00007ff99bad0000 - 0x00007ff99c753000 	D:\AndroidStudio\jbr\bin\server\jvm.dll
0x00007ffa4b500000 - 0x00007ffa4b5b2000 	C:\WINDOWS\System32\ADVAPI32.dll
0x00007ffa4b760000 - 0x00007ffa4b80a000 	C:\WINDOWS\System32\sechost.dll
0x00007ffa497e0000 - 0x00007ffa49808000 	C:\WINDOWS\System32\bcrypt.dll
0x00007ffa49dc0000 - 0x00007ffa49ed5000 	C:\WINDOWS\System32\RPCRT4.dll
0x00007ffa44d80000 - 0x00007ffa44d89000 	C:\WINDOWS\SYSTEM32\WSOCK32.dll
0x00007ffa48c10000 - 0x00007ffa48c5d000 	C:\WINDOWS\SYSTEM32\POWRPROF.dll
0x00007ffa4ba10000 - 0x00007ffa4ba81000 	C:\WINDOWS\System32\WS2_32.dll
0x00007ffa44140000 - 0x00007ffa44174000 	C:\WINDOWS\SYSTEM32\WINMM.dll
0x00007ffa43e60000 - 0x00007ffa43e6a000 	C:\WINDOWS\SYSTEM32\VERSION.dll
0x00007ffa48af0000 - 0x00007ffa48b03000 	C:\WINDOWS\SYSTEM32\UMPDC.dll
0x00007ffa47e30000 - 0x00007ffa47e48000 	C:\WINDOWS\SYSTEM32\kernel.appcore.dll
0x00007ffa34c70000 - 0x00007ffa34c7a000 	D:\AndroidStudio\jbr\bin\jimage.dll
0x00007ffa464c0000 - 0x00007ffa466f2000 	C:\WINDOWS\SYSTEM32\DBGHELP.DLL
0x00007ffa4b170000 - 0x00007ffa4b4f8000 	C:\WINDOWS\System32\combase.dll
0x00007ffa4b820000 - 0x00007ffa4b8f7000 	C:\WINDOWS\System32\OLEAUT32.dll
0x00007ffa3a750000 - 0x00007ffa3a782000 	C:\WINDOWS\SYSTEM32\dbgcore.DLL
0x00007ffa49150000 - 0x00007ffa491cb000 	C:\WINDOWS\System32\bcryptPrimitives.dll
0x00007ffa33530000 - 0x00007ffa33555000 	D:\AndroidStudio\jbr\bin\java.dll

dbghelp: loaded successfully - version: 4.0.5 - missing functions: none
symbol engine: initialized successfully - sym options: 0x614 - pdb path: .;D:\AndroidStudio\jbr\bin;C:\WINDOWS\SYSTEM32;C:\WINDOWS\WinSxS\amd64_microsoft.windows.common-controls_6595b64144ccf1df_6.0.22621.3672_none_2713b9d173822955;D:\AndroidStudio\jbr\bin\server

VM Arguments:
java_command: org.jetbrains.kotlin.cli.jvm.K2JVMCompiler @D:\AndroidStudioProjects\ApplicationScanning\app\build\20240620_13779521011617375509.compiler.options
java_class_path (initial): D:\.gradle\caches\modules-2\files-2.1\org.jetbrains.kotlin\kotlin-compiler-embeddable\1.9.22\9cd4dc7773cf2a99ecd961a88fbbc9a2da3fb5e1\kotlin-compiler-embeddable-1.9.22.jar;D:\.gradle\caches\modules-2\files-2.1\org.jetbrains.kotlin\kotlin-stdlib\1.9.22\d6c44cd08d8f3f9bece8101216dbe6553365c6e3\kotlin-stdlib-1.9.22.jar;D:\.gradle\caches\modules-2\files-2.1\org.jetbrains.kotlin\kotlin-script-runtime\1.9.22\f8139a46fc677ec9badc49ae954392f4f5e7e7c7\kotlin-script-runtime-1.9.22.jar;D:\.gradle\caches\modules-2\files-2.1\org.jetbrains.kotlin\kotlin-reflect\1.6.10\1cbe9c92c12a94eea200d23c2bbaedaf3daf5132\kotlin-reflect-1.6.10.jar;D:\.gradle\caches\modules-2\files-2.1\org.jetbrains.kotlin\kotlin-daemon-embeddable\1.9.22\20e2c5df715f3240c765cfc222530e2796542021\kotlin-daemon-embeddable-1.9.22.jar;D:\.gradle\caches\modules-2\files-2.1\org.jetbrains.intellij.deps\trove4j\1.0.20200330\3afb14d5f9ceb459d724e907a21145e8ff394f02\trove4j-1.0.20200330.jar;D:\.gradle\caches\modules-2\files-2.1\org.jetbrains\annotations\13.0\919f0dfe192fb4e063e7dacadee7f8bb9a2672a9\annotations-13.0.jar
Launcher Type: SUN_STANDARD

[Global flags]
     intx CICompilerCount                          = 4                                         {product} {ergonomic}
     uint ConcGCThreads                            = 2                                         {product} {ergonomic}
     uint G1ConcRefinementThreads                  = 8                                         {product} {ergonomic}
   size_t G1HeapRegionSize                         = 1048576                                   {product} {ergonomic}
    uintx GCDrainStackTargetSize                   = 64                                        {product} {ergonomic}
   size_t InitialHeapSize                          = 130023424                                 {product} {ergonomic}
   size_t MarkStackSize                            = 4194304                                   {product} {ergonomic}
   size_t MaxHeapSize                              = 2067791872                                {product} {ergonomic}
   size_t MinHeapDeltaBytes                        = 1048576                                   {product} {ergonomic}
   size_t MinHeapSize                              = 8388608                                   {product} {ergonomic}
    uintx NonNMethodCodeHeapSize                   = 5839372                                {pd product} {ergonomic}
    uintx NonProfiledCodeHeapSize                  = 122909434                              {pd product} {ergonomic}
    uintx ProfiledCodeHeapSize                     = 122909434                              {pd product} {ergonomic}
    uintx ReservedCodeCacheSize                    = 251658240                              {pd product} {ergonomic}
     bool SegmentedCodeCache                       = true                                      {product} {ergonomic}
   size_t SoftMaxHeapSize                          = 2067791872                             {manageable} {ergonomic}
     bool UseCompressedClassPointers               = true                           {product lp64_product} {ergonomic}
     bool UseCompressedOops                        = true                           {product lp64_product} {ergonomic}
     bool UseG1GC                                  = true                                      {product} {ergonomic}
     bool UseLargePagesIndividualAllocation        = false                                  {pd product} {ergonomic}

Logging:
Log output configuration:
 #0: stdout all=warning uptime,level,tags
 #1: stderr all=off uptime,level,tags

Environment Variables:
JAVA_HOME=C:\Program Files\Zulu\zulu-8
PATH=C:\Program Files\Zulu\zulu-8\bin\;C:\Program Files\Common Files\Oracle\Java\javapath;C:\Program Files (x86)\Common Files\Oracle\Java\java8path;C:\Program Files (x86)\Common Files\Oracle\Java\javapath;C:\WINDOWS\system32;C:\WINDOWS;C:\WINDOWS\System32\Wbem;C:\WINDOWS\System32\WindowsPowerShell\v1.0\;C:\WINDOWS\System32\OpenSSH\;C:\Program Files\dotnet\;C:\Program Files\Java\jdk-19\bin;C:\Program Files\nodejs\;C:\xampp\php;C:\ProgramData\ComposerSetup\bin;C:\gradle-8.8\bin;D:\gradle-8.8\bin;C:\Users\ASUS\AppData\Local\Programs\Python\Python38\Scripts\;C:\Users\ASUS\AppData\Local\Programs\Python\Python38\;C:\Users\ASUS\AppData\Local\Microsoft\WindowsApps;C:\Users\ASUS\AppData\Local\Programs\Microsoft VS Code\bin;C:\Users\ASUS\AppData\Roaming\npm;C:\Users\ASUS\AppData\Roaming\Composer\vendor\bin;C:\Users\ASUS\AppData\Local\gitkraken\bin;C:\Users\ASUS\AppData\Local\spicetify
USERNAME=ASUS
OS=Windows_NT
PROCESSOR_IDENTIFIER=Intel64 Family 6 Model 140 Stepping 1, GenuineIntel
TMP=C:\Users\ASUS\AppData\Local\Temp
TEMP=C:\Users\ASUS\AppData\Local\Temp



Periodic native trim disabled

JNI global refs:
JNI global refs: 0, weak refs: 0

JNI global refs memory usage: 0, weak refs: 0

OOME stack traces (most recent first):
Classloader memory used:


---------------  S Y S T E M  ---------------

OS:
 Windows 11 , 64 bit Build 22621 (10.0.22621.3672)
OS uptime: 2 days 23:53 hours

CPU: total 8 (initial active 8) (4 cores per cpu, 2 threads per core) family 6 model 140 stepping 1 microcode 0x9a, cx8, cmov, fxsr, ht, mmx, 3dnowpref, sse, sse2, sse3, ssse3, sse4.1, sse4.2, popcnt, lzcnt, tsc, tscinvbit, avx, avx2, aes, erms, clmul, bmi1, bmi2, adx, avx512f, avx512dq, avx512cd, avx512bw, avx512vl, sha, fma, vzeroupper, avx512_vpopcntdq, avx512_vpclmulqdq, avx512_vaes, avx512_vnni, clflush, clflushopt, clwb, avx512_vbmi2, avx512_vbmi
Processor Information for processor 0
  Max Mhz: 2803, Current Mhz: 1001, Mhz Limit: 2803
Processor Information for processor 1
  Max Mhz: 2803, Current Mhz: 2803, Mhz Limit: 2803
Processor Information for processor 2
  Max Mhz: 2803, Current Mhz: 2803, Mhz Limit: 2803
Processor Information for processor 3
  Max Mhz: 2803, Current Mhz: 2803, Mhz Limit: 2803
Processor Information for processor 4
  Max Mhz: 2803, Current Mhz: 1001, Mhz Limit: 2803
Processor Information for processor 5
  Max Mhz: 2803, Current Mhz: 2803, Mhz Limit: 2803
Processor Information for processor 6
  Max Mhz: 2803, Current Mhz: 2803, Mhz Limit: 2803
Processor Information for processor 7
  Max Mhz: 2803, Current Mhz: 1001, Mhz Limit: 2803

Memory: 4k page, system-wide physical 7887M (403M free)
TotalPageFile size 11947M (AvailPageFile size 5M)
current process WorkingSet (physical memory assigned to process): 10M, peak: 10M
current process commit charge ("private bytes"): 18M, peak: 19M

vm_info: OpenJDK 64-Bit Server VM (17.0.10+0--11609105) for windows-amd64 JRE (17.0.10+0--11609105), built on Mar 21 2024 19:10:56 by "androidbuild" with MS VC++ 16.10 / 16.11 (VS2019)

END.
